<?xml version="1.0" encoding="UTF-8"?>
<!-- Generated by org.testng.reporters.JUnitReportReporter -->
<testsuite hostname="Trantor-LP452" failures="0" tests="2" name="lendingPointUI.TestCases.ApplyPageTest" time="24.361" errors="0" timestamp="2024-08-12T16:15:23 IST" skipped="0">
  <testcase classname="lendingPointUI.TestCases.ApplyPageTest" name="verifyLPTitle" time="5.181"/>
  <testcase classname="lendingPointUI.TestCases.ApplyPageTest" name="verifyLoanApply" time="19.180"/>
</testsuite> <!-- lendingPointUI.TestCases.ApplyPageTest -->
