<?xml version="1.0" encoding="UTF-8"?>
<!-- Generated by org.testng.reporters.JUnitReportReporter -->
<testsuite hostname="LAPTOP-R1D4UQLF" failures="0" tests="1" name="TestCases.ApplyPageTest" time="13.244" errors="0" timestamp="2024-08-08T14:56:17 IST" skipped="0">
  <testcase classname="TestCases.ApplyPageTest" name="verifyLoanApply" time="13.244"/>
</testsuite> <!-- TestCases.ApplyPageTest -->
