<?xml version="1.0" encoding="UTF-8"?>
<!-- Generated by org.testng.reporters.JUnitReportReporter -->
<testsuite hostname="Trantor-LP452" failures="0" tests="1" name="lendingPointUI.TestCases.ApplyPageTest" time="5.659" errors="0" timestamp="2024-08-11T20:30:08 IST" skipped="0">
  <testcase classname="lendingPointUI.TestCases.ApplyPageTest" name="verifyLPTitle" time="5.659"/>
</testsuite> <!-- lendingPointUI.TestCases.ApplyPageTest -->
