<?xml version="1.0" encoding="UTF-8"?>
<!-- Generated by org.testng.reporters.JUnitReportReporter -->
<testsuite hostname="Trantor-LP452" failures="0" tests="2" name="lendingPointUI.TestCases.ApplyPageTest" time="25.580" errors="0" timestamp="2024-08-12T09:38:06 IST" skipped="0">
  <testcase classname="lendingPointUI.TestCases.ApplyPageTest" name="verifyLPTitle" time="5.220"/>
  <testcase classname="lendingPointUI.TestCases.ApplyPageTest" name="verifyLoanApply" time="20.360"/>
</testsuite> <!-- lendingPointUI.TestCases.ApplyPageTest -->
