<?xml version="1.0" encoding="UTF-8"?>
<!-- Generated by org.testng.reporters.JUnitReportReporter -->
<testsuite hostname="Trantor-LP452" failures="0" tests="1" name="lendingPointUI.TestCases.DTC_EndToEndFlowTest" time="222.423" errors="0" timestamp="2024-08-11T20:35:24 IST" skipped="0">
  <testcase classname="lendingPointUI.TestCases.DTC_EndToEndFlowTest" name="verifyDTC_EndToEndFlow" time="222.423"/>
</testsuite> <!-- lendingPointUI.TestCases.DTC_EndToEndFlowTest -->
