<?xml version="1.0" encoding="UTF-8"?>
<!-- Generated by org.testng.reporters.JUnitReportReporter -->
<testsuite hostname="Trantor-LP452" failures="0" tests="1" name="TestCases.DTC_EndToEndFlow" time="101.194" errors="0" timestamp="2024-08-11T12:39:45 IST" skipped="0">
  <testcase classname="TestCases.DTC_EndToEndFlow" name="verifyDTC_EndToEndFlow" time="101.194"/>
  <system-out/>
</testsuite> <!-- TestCases.DTC_EndToEndFlow -->
